Determining if the pthread_create exist failed with the following output:
Change Dir: /home/ubuntu/ali_ws/Relative_GPS_Read/build/CMakeFiles/CMakeTmp

Run Build Command:"/usr/bin/make" "cmTC_153de/fast"
/usr/bin/make -f CMakeFiles/cmTC_153de.dir/build.make CMakeFiles/cmTC_153de.dir/build
make[1]: Entering directory '/home/ubuntu/ali_ws/Relative_GPS_Read/build/CMakeFiles/CMakeTmp'
Building C object CMakeFiles/cmTC_153de.dir/CheckSymbolExists.c.o
/usr/bin/cc     -o CMakeFiles/cmTC_153de.dir/CheckSymbolExists.c.o   -c /home/ubuntu/ali_ws/Relative_GPS_Read/build/CMakeFiles/CMakeTmp/CheckSymbolExists.c
Linking C executable cmTC_153de
/usr/bin/cmake -E cmake_link_script CMakeFiles/cmTC_153de.dir/link.txt --verbose=1
/usr/bin/cc       CMakeFiles/cmTC_153de.dir/CheckSymbolExists.c.o  -o cmTC_153de -rdynamic 
CMakeFiles/cmTC_153de.dir/CheckSymbolExists.c.o: In function `main':
CheckSymbolExists.c:(.text+0xe): undefined reference to `pthread_create'
CheckSymbolExists.c:(.text+0x12): undefined reference to `pthread_create'
collect2: error: ld returned 1 exit status
CMakeFiles/cmTC_153de.dir/build.make:97: recipe for target 'cmTC_153de' failed
make[1]: *** [cmTC_153de] Error 1
make[1]: Leaving directory '/home/ubuntu/ali_ws/Relative_GPS_Read/build/CMakeFiles/CMakeTmp'
Makefile:126: recipe for target 'cmTC_153de/fast' failed
make: *** [cmTC_153de/fast] Error 2

File /home/ubuntu/ali_ws/Relative_GPS_Read/build/CMakeFiles/CMakeTmp/CheckSymbolExists.c:
/* */
#include <pthread.h>

int main(int argc, char** argv)
{
  (void)argv;
#ifndef pthread_create
  return ((int*)(&pthread_create))[argc];
#else
  (void)argc;
  return 0;
#endif
}

Determining if the function pthread_create exists in the pthreads failed with the following output:
Change Dir: /home/ubuntu/ali_ws/Relative_GPS_Read/build/CMakeFiles/CMakeTmp

Run Build Command:"/usr/bin/make" "cmTC_6fb94/fast"
/usr/bin/make -f CMakeFiles/cmTC_6fb94.dir/build.make CMakeFiles/cmTC_6fb94.dir/build
make[1]: Entering directory '/home/ubuntu/ali_ws/Relative_GPS_Read/build/CMakeFiles/CMakeTmp'
Building C object CMakeFiles/cmTC_6fb94.dir/CheckFunctionExists.c.o
/usr/bin/cc    -DCHECK_FUNCTION_EXISTS=pthread_create   -o CMakeFiles/cmTC_6fb94.dir/CheckFunctionExists.c.o   -c /usr/share/cmake-3.5/Modules/CheckFunctionExists.c
Linking C executable cmTC_6fb94
/usr/bin/cmake -E cmake_link_script CMakeFiles/cmTC_6fb94.dir/link.txt --verbose=1
/usr/bin/cc   -DCHECK_FUNCTION_EXISTS=pthread_create    CMakeFiles/cmTC_6fb94.dir/CheckFunctionExists.c.o  -o cmTC_6fb94 -rdynamic -lpthreads 
/usr/bin/ld: cannot find -lpthreads
collect2: error: ld returned 1 exit status
CMakeFiles/cmTC_6fb94.dir/build.make:97: recipe for target 'cmTC_6fb94' failed
make[1]: *** [cmTC_6fb94] Error 1
make[1]: Leaving directory '/home/ubuntu/ali_ws/Relative_GPS_Read/build/CMakeFiles/CMakeTmp'
Makefile:126: recipe for target 'cmTC_6fb94/fast' failed
make: *** [cmTC_6fb94/fast] Error 2


